[2020-10-10T20:59:42.904] [DEBUG] cheese - login => username:admin,password:123456
[2020-10-10T20:59:42.905] [DEBUG] cheese - admin
[2020-10-10T20:59:42.916] [DEBUG] cheese - null
[2020-10-10T20:59:42.916] [DEBUG] cheese - null
[2020-10-11T00:01:04.165] [DEBUG] cheese - login => username:zss,password:123456
[2020-10-11T00:01:04.166] [DEBUG] cheese - zss
[2020-10-11T00:01:04.172] [DEBUG] cheese - null
[2020-10-11T00:01:04.172] [DEBUG] cheese - null
[2020-10-11T00:01:49.932] [DEBUG] cheese - login => username:zsa,password:123456
[2020-10-11T00:01:49.932] [DEBUG] cheese - zsa
[2020-10-11T00:01:49.934] [DEBUG] cheese - null
[2020-10-11T00:01:49.934] [DEBUG] cheese - null
[2020-10-11T00:02:04.092] [DEBUG] cheese - login => username:admin,password:12345+6
[2020-10-11T00:02:04.093] [DEBUG] cheese - admin
[2020-10-11T00:02:04.096] [DEBUG] cheese - null
[2020-10-11T00:02:04.096] [DEBUG] cheese - null
[2020-10-11T00:02:11.983] [DEBUG] cheese - login => username:admin,password:123456
[2020-10-11T00:02:11.983] [DEBUG] cheese - admin
[2020-10-11T00:02:11.986] [DEBUG] cheese - null
[2020-10-11T00:02:11.986] [DEBUG] cheese - null
[2020-10-11T00:04:20.238] [DEBUG] cheese - login => username:admin,password:123456
[2020-10-11T00:04:20.238] [DEBUG] cheese - admin
[2020-10-11T00:04:20.240] [DEBUG] cheese - null
[2020-10-11T00:04:20.240] [DEBUG] cheese - null
[2020-10-11T00:08:14.729] [DEBUG] cheese - login => username:zss,password:123456
[2020-10-11T00:08:14.729] [DEBUG] cheese - zss
[2020-10-11T00:08:14.731] [DEBUG] cheese - null
[2020-10-11T00:08:14.731] [DEBUG] cheese - null
[2020-10-11T00:08:46.877] [DEBUG] cheese - login => username:zss,password:123456
[2020-10-11T00:08:46.877] [DEBUG] cheese - zss
[2020-10-11T00:08:46.879] [DEBUG] cheese - null
[2020-10-11T00:08:46.879] [DEBUG] cheese - null
[2020-10-11T00:09:51.931] [DEBUG] cheese - login => username:admin,password:123456
[2020-10-11T00:09:51.931] [DEBUG] cheese - admin
[2020-10-11T00:09:51.934] [DEBUG] cheese - null
[2020-10-11T00:09:51.934] [DEBUG] cheese - null
[2020-10-11T00:10:18.293] [DEBUG] cheese - login => username:admin,password:123456
[2020-10-11T00:10:18.294] [DEBUG] cheese - admin
[2020-10-11T00:10:18.296] [DEBUG] cheese - null
[2020-10-11T00:10:18.296] [DEBUG] cheese - null
[2020-10-11T00:10:47.774] [DEBUG] cheese - login => username:admin,password:123456
[2020-10-11T00:10:47.774] [DEBUG] cheese - admin
[2020-10-11T00:10:47.777] [DEBUG] cheese - null
[2020-10-11T00:10:47.777] [DEBUG] cheese - null
[2020-10-11T00:13:13.985] [DEBUG] cheese - login => username:admin,password:123456
[2020-10-11T00:13:13.985] [DEBUG] cheese - admin
[2020-10-11T00:13:13.987] [DEBUG] cheese - null
[2020-10-11T00:13:13.987] [DEBUG] cheese - null
[2020-10-11T00:13:30.582] [DEBUG] cheese - login => username:admin,password:123456
[2020-10-11T00:13:30.582] [DEBUG] cheese - admin
[2020-10-11T00:13:30.584] [DEBUG] cheese - null
[2020-10-11T00:13:30.584] [DEBUG] cheese - null
[2020-10-11T00:13:53.464] [DEBUG] cheese - login => username:admin,password:123456
[2020-10-11T00:13:53.464] [DEBUG] cheese - admin
[2020-10-11T00:13:53.467] [DEBUG] cheese - null
[2020-10-11T00:13:53.467] [DEBUG] cheese - null
[2020-10-11T00:14:54.551] [DEBUG] cheese - login => username:admin,password:123456
[2020-10-11T00:14:54.551] [DEBUG] cheese - admin
[2020-10-11T00:14:54.554] [DEBUG] cheese - null
[2020-10-11T00:14:54.554] [DEBUG] cheese - null
[2020-10-11T00:15:51.450] [DEBUG] cheese - login => username:admin,password:123456
[2020-10-11T00:15:51.450] [DEBUG] cheese - admin
[2020-10-11T00:15:51.453] [DEBUG] cheese - null
[2020-10-11T00:15:51.453] [DEBUG] cheese - null
[2020-10-11T00:15:54.311] [DEBUG] cheese - login => username:admi,password:123456
[2020-10-11T00:15:54.311] [DEBUG] cheese - admi
[2020-10-11T00:15:54.313] [DEBUG] cheese - null
[2020-10-11T00:15:54.313] [DEBUG] cheese - null
[2020-10-11T00:23:29.320] [DEBUG] cheese - login => username:admin,password:123456
[2020-10-11T00:23:29.320] [DEBUG] cheese - admin
[2020-10-11T00:23:29.323] [DEBUG] cheese - null
[2020-10-11T00:23:29.323] [DEBUG] cheese - null
[2020-10-11T00:24:15.221] [DEBUG] cheese - login => username:admin,password:123456
[2020-10-11T00:24:15.221] [DEBUG] cheese - admin
[2020-10-11T00:24:15.223] [DEBUG] cheese - null
[2020-10-11T00:24:15.223] [DEBUG] cheese - null
[2020-10-11T00:25:29.072] [DEBUG] cheese - login => username:admin,password:123456
[2020-10-11T00:25:29.072] [DEBUG] cheese - admin
[2020-10-11T00:25:29.074] [DEBUG] cheese - null
[2020-10-11T00:25:29.075] [DEBUG] cheese - null
[2020-10-11T00:27:35.112] [DEBUG] cheese - login => username:admin,password:123456
[2020-10-11T00:27:35.112] [DEBUG] cheese - admin
[2020-10-11T00:27:35.114] [DEBUG] cheese - null
[2020-10-11T00:27:35.114] [DEBUG] cheese - null
[2020-10-11T00:28:32.966] [DEBUG] cheese - login => username:a,password:a
[2020-10-11T00:28:32.966] [DEBUG] cheese - a
[2020-10-11T00:28:32.967] [DEBUG] cheese - null
[2020-10-11T00:28:32.967] [DEBUG] cheese - null
[2020-10-11T00:28:34.889] [DEBUG] cheese - login => username:a,password:a
[2020-10-11T00:28:34.889] [DEBUG] cheese - a
[2020-10-11T00:28:34.890] [DEBUG] cheese - null
[2020-10-11T00:28:34.891] [DEBUG] cheese - null
[2020-10-11T00:28:38.145] [DEBUG] cheese - login => username:admin,password:123456
[2020-10-11T00:28:38.145] [DEBUG] cheese - admin
[2020-10-11T00:28:38.148] [DEBUG] cheese - null
[2020-10-11T00:28:38.148] [DEBUG] cheese - null
[2020-10-11T00:29:06.328] [DEBUG] cheese - login => username:adminn,password:1
[2020-10-11T00:29:06.328] [DEBUG] cheese - adminn
[2020-10-11T00:29:06.332] [DEBUG] cheese - null
[2020-10-11T00:29:06.332] [DEBUG] cheese - null
[2020-10-11T00:29:08.218] [DEBUG] cheese - login => username:adminn,password:1
[2020-10-11T00:29:08.219] [DEBUG] cheese - adminn
[2020-10-11T00:29:08.221] [DEBUG] cheese - null
[2020-10-11T00:29:08.221] [DEBUG] cheese - null
[2020-10-11T00:29:10.796] [DEBUG] cheese - login => username:admin,password:123456
[2020-10-11T00:29:10.796] [DEBUG] cheese - admin
[2020-10-11T00:29:10.799] [DEBUG] cheese - null
[2020-10-11T00:29:10.799] [DEBUG] cheese - null
[2020-10-11T00:35:43.174] [DEBUG] cheese - login => username:admin,password:123456
[2020-10-11T00:35:43.174] [DEBUG] cheese - admin
[2020-10-11T00:35:43.177] [DEBUG] cheese - null
[2020-10-11T00:35:43.177] [DEBUG] cheese - null
[2020-10-11T00:35:47.011] [DEBUG] cheese - login => username:admin,password:123456
[2020-10-11T00:35:47.011] [DEBUG] cheese - admin
[2020-10-11T00:35:47.013] [DEBUG] cheese - null
[2020-10-11T00:35:47.013] [DEBUG] cheese - null
[2020-10-11T00:36:05.334] [DEBUG] cheese - login => username:admini,password:1234562
[2020-10-11T00:36:05.334] [DEBUG] cheese - admini
[2020-10-11T00:36:05.336] [DEBUG] cheese - null
[2020-10-11T00:36:05.336] [DEBUG] cheese - null
[2020-10-11T00:36:07.057] [DEBUG] cheese - login => username:admini,password:1234562
[2020-10-11T00:36:07.057] [DEBUG] cheese - admini
[2020-10-11T00:36:07.059] [DEBUG] cheese - null
[2020-10-11T00:36:07.059] [DEBUG] cheese - null
[2020-10-11T00:36:07.283] [DEBUG] cheese - login => username:admini,password:1234562
[2020-10-11T00:36:07.284] [DEBUG] cheese - admini
[2020-10-11T00:36:07.285] [DEBUG] cheese - null
[2020-10-11T00:36:07.286] [DEBUG] cheese - null
[2020-10-11T00:36:15.561] [DEBUG] cheese - login => username:admin,password:123456ss
[2020-10-11T00:36:15.561] [DEBUG] cheese - admin
[2020-10-11T00:36:15.564] [DEBUG] cheese - null
[2020-10-11T00:36:15.565] [DEBUG] cheese - null
[2020-10-11T00:36:34.950] [DEBUG] cheese - login => username:admin,password:123456ss
[2020-10-11T00:36:34.950] [DEBUG] cheese - admin
[2020-10-11T00:36:34.953] [DEBUG] cheese - null
[2020-10-11T00:36:34.953] [DEBUG] cheese - null
[2020-10-11T00:36:41.334] [DEBUG] cheese - login => username:admin,password:123456
[2020-10-11T00:36:41.334] [DEBUG] cheese - admin
[2020-10-11T00:36:41.336] [DEBUG] cheese - null
[2020-10-11T00:36:41.336] [DEBUG] cheese - null
[2020-10-11T00:38:06.282] [DEBUG] cheese - login => username:admin,password:123456
[2020-10-11T00:38:06.282] [DEBUG] cheese - admin
[2020-10-11T00:38:06.285] [DEBUG] cheese - null
[2020-10-11T00:38:06.285] [DEBUG] cheese - null
[2020-10-11T00:42:05.386] [DEBUG] cheese - login => username:admin,password:123456
[2020-10-11T00:42:05.386] [DEBUG] cheese - admin
[2020-10-11T00:42:05.390] [DEBUG] cheese - null
[2020-10-11T00:42:05.390] [DEBUG] cheese - null
[2020-10-11T00:43:48.047] [DEBUG] cheese - login => username:admin,password:123456
[2020-10-11T00:43:48.047] [DEBUG] cheese - admin
[2020-10-11T00:43:48.051] [DEBUG] cheese - null
[2020-10-11T00:43:48.051] [DEBUG] cheese - null
[2020-10-11T00:44:57.157] [DEBUG] cheese - login => username:admin,password:123456
[2020-10-11T00:44:57.157] [DEBUG] cheese - admin
[2020-10-11T00:44:57.160] [DEBUG] cheese - null
[2020-10-11T00:44:57.160] [DEBUG] cheese - null
[2020-10-11T13:03:22.735] [DEBUG] cheese - login => username:21434,password:12314124
[2020-10-11T13:03:22.736] [DEBUG] cheese - 21434
[2020-10-11T13:03:22.749] [DEBUG] cheese - null
[2020-10-11T13:03:22.749] [DEBUG] cheese - null
[2020-10-11T13:03:31.007] [DEBUG] cheese - login => username:admin,password:123456
[2020-10-11T13:03:31.007] [DEBUG] cheese - admin
[2020-10-11T13:03:31.010] [DEBUG] cheese - null
[2020-10-11T13:03:31.011] [DEBUG] cheese - null
[2020-10-11T13:04:32.258] [DEBUG] cheese - login => username:admin,password:123456
[2020-10-11T13:04:32.258] [DEBUG] cheese - admin
[2020-10-11T13:04:32.259] [DEBUG] cheese - null
[2020-10-11T13:04:32.259] [DEBUG] cheese - null
[2020-10-11T13:12:55.768] [DEBUG] cheese - login => username:admin,password:123456
[2020-10-11T13:12:55.768] [DEBUG] cheese - admin
[2020-10-11T13:12:55.770] [DEBUG] cheese - null
[2020-10-11T13:12:55.770] [DEBUG] cheese - null
[2020-10-11T13:13:33.467] [DEBUG] cheese - login => username:admin,password:123456
[2020-10-11T13:13:33.467] [DEBUG] cheese - admin
[2020-10-11T13:13:33.469] [DEBUG] cheese - null
[2020-10-11T13:13:33.469] [DEBUG] cheese - null
[2020-10-11T13:18:15.902] [DEBUG] cheese - login => username:admin,password:123456
[2020-10-11T13:18:15.902] [DEBUG] cheese - admin
[2020-10-11T13:18:15.904] [DEBUG] cheese - null
[2020-10-11T13:18:15.904] [DEBUG] cheese - null
[2020-10-11T13:18:45.271] [DEBUG] cheese - login => username:admin,password:123456
[2020-10-11T13:18:45.271] [DEBUG] cheese - admin
[2020-10-11T13:18:45.273] [DEBUG] cheese - null
[2020-10-11T13:18:45.273] [DEBUG] cheese - null
[2020-10-11T13:23:46.045] [DEBUG] cheese - login => username:admin,password:123456
[2020-10-11T13:23:46.045] [DEBUG] cheese - admin
[2020-10-11T13:23:46.048] [DEBUG] cheese - null
[2020-10-11T13:23:46.048] [DEBUG] cheese - null
[2020-10-11T16:03:36.762] [DEBUG] cheese - login => username:admin,password:123456
[2020-10-11T16:03:36.763] [DEBUG] cheese - admin
[2020-10-11T16:03:36.778] [DEBUG] cheese - null
[2020-10-11T16:03:36.779] [DEBUG] cheese - null
[2020-10-11T16:04:13.995] [DEBUG] cheese - login => username:admin,password:123456
[2020-10-11T16:04:13.996] [DEBUG] cheese - admin
[2020-10-11T16:04:13.998] [DEBUG] cheese - null
[2020-10-11T16:04:13.998] [DEBUG] cheese - null
[2020-10-11T16:28:15.978] [DEBUG] cheese - login => username:admin,password:123456
[2020-10-11T16:28:15.978] [DEBUG] cheese - admin
[2020-10-11T16:28:15.981] [DEBUG] cheese - null
[2020-10-11T16:28:15.981] [DEBUG] cheese - null
[2020-10-11T16:29:49.747] [DEBUG] cheese - login => username:admin,password:123456
[2020-10-11T16:29:49.748] [DEBUG] cheese - admin
[2020-10-11T16:29:49.750] [DEBUG] cheese - null
[2020-10-11T16:29:49.751] [DEBUG] cheese - null
[2020-10-11T16:45:12.510] [DEBUG] cheese - login => username:admin,password:123456
[2020-10-11T16:45:12.510] [DEBUG] cheese - admin
[2020-10-11T16:45:12.512] [DEBUG] cheese - null
[2020-10-11T16:45:12.512] [DEBUG] cheese - null
[2020-10-11T17:52:30.053] [DEBUG] cheese - login => username:admin,password:123456
[2020-10-11T17:52:30.053] [DEBUG] cheese - admin
[2020-10-11T17:52:30.057] [DEBUG] cheese - null
[2020-10-11T17:52:30.057] [DEBUG] cheese - null
[2020-10-11T17:54:07.140] [DEBUG] cheese - login => username:admin,password:123456
[2020-10-11T17:54:07.141] [DEBUG] cheese - admin
[2020-10-11T17:54:07.143] [DEBUG] cheese - null
[2020-10-11T17:54:07.144] [DEBUG] cheese - null
[2020-10-11T23:20:12.250] [DEBUG] cheese - login => username:admin,password:123456
[2020-10-11T23:20:12.251] [DEBUG] cheese - admin
[2020-10-11T23:20:12.303] [DEBUG] cheese - null
[2020-10-11T23:20:12.303] [DEBUG] cheese - null
[2020-10-12T10:16:09.628] [DEBUG] cheese - login => username:admin,password:123456
[2020-10-12T10:16:09.629] [DEBUG] cheese - admin
[2020-10-12T10:16:09.651] [DEBUG] cheese - null
[2020-10-12T10:16:09.651] [DEBUG] cheese - null
[2020-10-12T12:07:32.194] [DEBUG] cheese - login => username:zhang,password:123456
[2020-10-12T12:07:32.194] [DEBUG] cheese - zhang
[2020-10-12T12:07:32.196] [DEBUG] cheese - null
[2020-10-12T12:07:32.196] [DEBUG] cheese - null
[2020-10-12T12:07:39.850] [DEBUG] cheese - login => username:admin,password:123456
[2020-10-12T12:07:39.850] [DEBUG] cheese - admin
[2020-10-12T12:07:39.851] [DEBUG] cheese - null
[2020-10-12T12:07:39.851] [DEBUG] cheese - null
[2020-10-12T12:08:24.666] [DEBUG] cheese - login => username:user1,password:000000
[2020-10-12T12:08:24.667] [DEBUG] cheese - user1
[2020-10-12T12:08:24.669] [DEBUG] cheese - null
[2020-10-12T12:08:24.669] [DEBUG] cheese - null
[2020-10-12T12:08:30.253] [DEBUG] cheese - login => username:user1,password:000000
[2020-10-12T12:08:30.253] [DEBUG] cheese - user1
[2020-10-12T12:08:30.254] [DEBUG] cheese - null
[2020-10-12T12:08:30.254] [DEBUG] cheese - null
[2020-10-12T12:08:32.267] [DEBUG] cheese - login => username:user1,password:000000
[2020-10-12T12:08:32.267] [DEBUG] cheese - user1
[2020-10-12T12:08:32.269] [DEBUG] cheese - null
[2020-10-12T12:08:32.269] [DEBUG] cheese - null
[2020-10-12T12:08:33.065] [DEBUG] cheese - login => username:user1,password:000000
[2020-10-12T12:08:33.065] [DEBUG] cheese - user1
[2020-10-12T12:08:33.066] [DEBUG] cheese - null
[2020-10-12T12:08:33.066] [DEBUG] cheese - null
[2020-10-12T12:08:33.331] [DEBUG] cheese - login => username:user1,password:000000
[2020-10-12T12:08:33.331] [DEBUG] cheese - user1
[2020-10-12T12:08:33.332] [DEBUG] cheese - null
[2020-10-12T12:08:33.332] [DEBUG] cheese - null
[2020-10-12T12:08:33.519] [DEBUG] cheese - login => username:user1,password:000000
[2020-10-12T12:08:33.519] [DEBUG] cheese - user1
[2020-10-12T12:08:33.521] [DEBUG] cheese - null
[2020-10-12T12:08:33.521] [DEBUG] cheese - null
[2020-10-12T12:08:33.675] [DEBUG] cheese - login => username:user1,password:000000
[2020-10-12T12:08:33.676] [DEBUG] cheese - user1
[2020-10-12T12:08:33.677] [DEBUG] cheese - null
[2020-10-12T12:08:33.677] [DEBUG] cheese - null
[2020-10-12T12:08:33.835] [DEBUG] cheese - login => username:user1,password:000000
[2020-10-12T12:08:33.836] [DEBUG] cheese - user1
[2020-10-12T12:08:33.837] [DEBUG] cheese - null
[2020-10-12T12:08:33.837] [DEBUG] cheese - null
[2020-10-12T12:08:34.002] [DEBUG] cheese - login => username:user1,password:000000
[2020-10-12T12:08:34.002] [DEBUG] cheese - user1
[2020-10-12T12:08:34.004] [DEBUG] cheese - null
[2020-10-12T12:08:34.004] [DEBUG] cheese - null
[2020-10-12T12:08:34.150] [DEBUG] cheese - login => username:user1,password:000000
[2020-10-12T12:08:34.150] [DEBUG] cheese - user1
[2020-10-12T12:08:34.152] [DEBUG] cheese - null
[2020-10-12T12:08:34.152] [DEBUG] cheese - null
[2020-10-12T12:08:34.310] [DEBUG] cheese - login => username:user1,password:000000
[2020-10-12T12:08:34.310] [DEBUG] cheese - user1
[2020-10-12T12:08:34.312] [DEBUG] cheese - null
[2020-10-12T12:08:34.312] [DEBUG] cheese - null
[2020-10-12T12:08:34.462] [DEBUG] cheese - login => username:user1,password:000000
[2020-10-12T12:08:34.462] [DEBUG] cheese - user1
[2020-10-12T12:08:34.464] [DEBUG] cheese - null
[2020-10-12T12:08:34.464] [DEBUG] cheese - null
[2020-10-12T12:08:34.608] [DEBUG] cheese - login => username:user1,password:000000
[2020-10-12T12:08:34.608] [DEBUG] cheese - user1
[2020-10-12T12:08:34.610] [DEBUG] cheese - null
[2020-10-12T12:08:34.610] [DEBUG] cheese - null
[2020-10-12T12:08:34.770] [DEBUG] cheese - login => username:user1,password:000000
[2020-10-12T12:08:34.770] [DEBUG] cheese - user1
[2020-10-12T12:08:34.772] [DEBUG] cheese - null
[2020-10-12T12:08:34.773] [DEBUG] cheese - null
[2020-10-12T12:08:34.915] [DEBUG] cheese - login => username:user1,password:000000
[2020-10-12T12:08:34.915] [DEBUG] cheese - user1
[2020-10-12T12:08:34.917] [DEBUG] cheese - null
[2020-10-12T12:08:34.917] [DEBUG] cheese - null
[2020-10-12T12:08:35.217] [DEBUG] cheese - login => username:user1,password:000000
[2020-10-12T12:08:35.218] [DEBUG] cheese - user1
[2020-10-12T12:08:35.219] [DEBUG] cheese - null
[2020-10-12T12:08:35.219] [DEBUG] cheese - null
[2020-10-12T12:08:49.390] [DEBUG] cheese - login => username:admin,password:123456
[2020-10-12T12:08:49.391] [DEBUG] cheese - admin
[2020-10-12T12:08:49.393] [DEBUG] cheese - null
[2020-10-12T12:08:49.393] [DEBUG] cheese - null
[2020-10-12T12:47:02.161] [DEBUG] cheese - login => username:admin,password:123456
[2020-10-12T12:47:02.162] [DEBUG] cheese - admin
[2020-10-12T12:47:02.172] [DEBUG] cheese - null
[2020-10-12T12:47:02.173] [DEBUG] cheese - null
[2020-10-12T14:54:27.363] [DEBUG] cheese - login => username:admin,password:123456
[2020-10-12T14:54:27.363] [DEBUG] cheese - admin
[2020-10-12T14:54:27.364] [DEBUG] cheese - null
[2020-10-12T14:54:27.364] [DEBUG] cheese - null
[2020-10-12T16:05:24.315] [DEBUG] cheese - login => username:admin,password:123456
[2020-10-12T16:05:24.315] [DEBUG] cheese - admin
[2020-10-12T16:05:24.317] [DEBUG] cheese - null
[2020-10-12T16:05:24.317] [DEBUG] cheese - null
[2020-10-12T16:05:44.951] [DEBUG] cheese - login => username:admin,password:123456
[2020-10-12T16:05:44.951] [DEBUG] cheese - admin
[2020-10-12T16:05:44.952] [DEBUG] cheese - null
[2020-10-12T16:05:44.953] [DEBUG] cheese - null
[2020-10-12T16:08:32.528] [DEBUG] cheese - login => username:admin,password:123456
[2020-10-12T16:08:32.528] [DEBUG] cheese - admin
[2020-10-12T16:08:32.530] [DEBUG] cheese - null
[2020-10-12T16:08:32.530] [DEBUG] cheese - null
[2020-10-12T16:09:09.184] [DEBUG] cheese - login => username:admin,password:123456
[2020-10-12T16:09:09.185] [DEBUG] cheese - admin
[2020-10-12T16:09:09.187] [DEBUG] cheese - null
[2020-10-12T16:09:09.187] [DEBUG] cheese - null
[2020-10-12T18:00:14.223] [DEBUG] cheese - null
[2020-10-12T18:02:53.000] [DEBUG] cheese - null
[2020-10-12T18:02:56.909] [DEBUG] cheese - null
[2020-10-12T18:03:00.022] [DEBUG] cheese - null
[2020-10-12T18:07:15.322] [DEBUG] cheese - login => username:admin,password:123456
[2020-10-12T18:07:15.322] [DEBUG] cheese - admin
[2020-10-12T18:07:15.325] [DEBUG] cheese - null
[2020-10-12T18:07:15.325] [DEBUG] cheese - null
[2020-10-12T19:36:02.904] [DEBUG] cheese - login => username:admin,password:123456
[2020-10-12T19:36:02.904] [DEBUG] cheese - admin
[2020-10-12T19:36:02.906] [DEBUG] cheese - null
[2020-10-12T19:36:02.906] [DEBUG] cheese - null
[2020-10-12T19:45:42.812] [DEBUG] cheese - login => username:admin,password:123456
[2020-10-12T19:45:42.812] [DEBUG] cheese - admin
[2020-10-12T19:45:42.813] [DEBUG] cheese - null
[2020-10-12T19:45:42.813] [DEBUG] cheese - null
[2020-10-14T15:31:21.459] [DEBUG] cheese - login => username:admin,password:123456
[2020-10-14T15:31:21.460] [DEBUG] cheese - admin
[2020-10-14T15:31:21.493] [DEBUG] cheese - null
[2020-10-14T15:31:21.493] [DEBUG] cheese - null
[2020-10-14T15:38:06.179] [DEBUG] cheese - login => username:admin,password:123456
[2020-10-14T15:38:06.179] [DEBUG] cheese - admin
[2020-10-14T15:38:06.181] [DEBUG] cheese - null
[2020-10-14T15:38:06.181] [DEBUG] cheese - null
[2020-10-14T23:00:32.370] [DEBUG] cheese - login => username:admin,password:123456
[2020-10-14T23:00:32.371] [DEBUG] cheese - admin
[2020-10-14T23:00:32.375] [DEBUG] cheese - null
[2020-10-14T23:00:32.375] [DEBUG] cheese - null
[2020-10-14T23:37:58.423] [DEBUG] cheese - null
[2020-10-14T23:40:41.290] [DEBUG] cheese - null
[2020-10-14T23:41:54.435] [DEBUG] cheese - null
[2020-10-15T14:44:24.330] [DEBUG] cheese - login => username:admin,password:123456
[2020-10-15T14:44:24.331] [DEBUG] cheese - admin
[2020-10-15T14:44:24.347] [DEBUG] cheese - null
[2020-10-15T14:44:24.347] [DEBUG] cheese - null
[2020-10-15T15:10:34.945] [DEBUG] cheese - login => username:admin,password:123456
[2020-10-15T15:10:34.946] [DEBUG] cheese - admin
[2020-10-15T15:10:34.950] [DEBUG] cheese - null
[2020-10-15T15:10:34.951] [DEBUG] cheese - null
[2020-10-15T17:58:50.912] [DEBUG] cheese - login => username:admin,password:123456
[2020-10-15T17:58:50.913] [DEBUG] cheese - admin
[2020-10-15T17:58:50.916] [DEBUG] cheese - null
[2020-10-15T17:58:50.917] [DEBUG] cheese - null
[2020-10-15T20:31:08.074] [DEBUG] cheese - login => username:admin,password:123456
[2020-10-15T20:31:08.075] [DEBUG] cheese - admin
[2020-10-15T20:31:08.083] [DEBUG] cheese - null
[2020-10-15T20:31:08.084] [DEBUG] cheese - null
[2020-10-15T22:16:02.331] [DEBUG] cheese - login => username:admin,password:123456
[2020-10-15T22:16:02.332] [DEBUG] cheese - admin
[2020-10-15T22:16:02.341] [DEBUG] cheese - null
[2020-10-15T22:16:02.341] [DEBUG] cheese - null
[2020-10-15T22:59:01.639] [DEBUG] cheese - login => username:admin,password:123456
[2020-10-15T22:59:01.640] [DEBUG] cheese - admin
[2020-10-15T22:59:01.642] [DEBUG] cheese - null
[2020-10-15T22:59:01.642] [DEBUG] cheese - null
[2020-10-16T15:31:18.139] [DEBUG] cheese - login => username:admin,password:123456
[2020-10-16T15:31:18.141] [DEBUG] cheese - admin
[2020-10-16T15:31:18.159] [DEBUG] cheese - null
[2020-10-16T15:31:18.160] [DEBUG] cheese - null
[2020-10-17T12:04:04.004] [DEBUG] cheese - login => username:admin,password:123456
[2020-10-17T12:04:04.005] [DEBUG] cheese - admin
[2020-10-17T12:04:04.109] [DEBUG] cheese - null
[2020-10-17T12:04:04.109] [DEBUG] cheese - null
[2020-10-17T12:19:37.371] [DEBUG] cheese - login => username:admin,password:123456
[2020-10-17T12:19:37.371] [DEBUG] cheese - admin
[2020-10-17T12:19:37.374] [DEBUG] cheese - null
[2020-10-17T12:19:37.375] [DEBUG] cheese - null
[2020-10-17T13:08:03.961] [DEBUG] cheese - login => username:admin,password:123456
[2020-10-17T13:08:03.961] [DEBUG] cheese - admin
[2020-10-17T13:08:03.963] [DEBUG] cheese - null
[2020-10-17T13:08:03.963] [DEBUG] cheese - null
[2020-10-17T13:31:03.010] [DEBUG] cheese - login => username:admin,password:123456
[2020-10-17T13:31:03.010] [DEBUG] cheese - admin
[2020-10-17T13:31:03.012] [DEBUG] cheese - null
[2020-10-17T13:31:03.012] [DEBUG] cheese - null
[2020-10-17T13:58:55.596] [DEBUG] cheese - login => username:admin,password:123456
[2020-10-17T13:58:55.597] [DEBUG] cheese - admin
[2020-10-17T13:58:55.603] [DEBUG] cheese - null
[2020-10-17T13:58:55.604] [DEBUG] cheese - null
[2020-10-17T14:13:18.868] [DEBUG] cheese - login => username:admin,password:123456
[2020-10-17T14:13:18.869] [DEBUG] cheese - admin
[2020-10-17T14:13:18.873] [DEBUG] cheese - null
[2020-10-17T14:13:18.873] [DEBUG] cheese - null
[2020-10-17T14:31:31.237] [DEBUG] cheese - login => username:admin,password:123456
[2020-10-17T14:31:31.237] [DEBUG] cheese - admin
[2020-10-17T14:31:31.239] [DEBUG] cheese - null
[2020-10-17T14:31:31.239] [DEBUG] cheese - null
[2020-10-17T14:52:43.969] [DEBUG] cheese - login => username:admin,password:123456
[2020-10-17T14:52:43.969] [DEBUG] cheese - admin
[2020-10-17T14:52:43.971] [DEBUG] cheese - null
[2020-10-17T14:52:43.971] [DEBUG] cheese - null
[2020-10-17T15:23:52.004] [DEBUG] cheese - login => username:admin,password:123456
[2020-10-17T15:23:52.006] [DEBUG] cheese - admin
[2020-10-17T15:23:52.010] [DEBUG] cheese - null
[2020-10-17T15:23:52.011] [DEBUG] cheese - null
